0 verbose cli C:\Program Files\nodejs\node.exe C:\Program Files\nodejs\node_modules\npm\bin\npm-cli.js
1 info using npm@10.9.3
2 info using node@v22.20.0
3 silly config load:file:C:\Program Files\nodejs\node_modules\npm\npmrc
4 silly config load:file:D:\Footwear\.npmrc
5 silly config load:file:C:\Users\bhavy\.npmrc
6 silly config load:file:C:\Users\bhavy\AppData\Roaming\npm\etc\npmrc
7 verbose title npm install vite@latest @vitejs/plugin-react@latest
8 verbose argv "install" "--save-dev" "vite@latest" "@vitejs/plugin-react@latest" "--cache" "D:\\Footwear\\.npm-cache"
9 verbose logfile logs-max:10 dir:D:\Footwear\.npm-cache\_logs\2026-06-13T17_35_52_507Z-
10 verbose logfile D:\Footwear\.npm-cache\_logs\2026-06-13T17_35_52_507Z-debug-0.log
11 silly logfile done cleaning log files
12 silly packumentCache heap:4345298944 maxSize:1086324736 maxEntrySize:543162368
13 silly packumentCache corgi:https://registry.npmjs.org/vite cache-miss
14 silly packumentCache corgi:https://registry.npmjs.org/@vitejs%2fplugin-react cache-miss
15 verbose shrinkwrap failed to load node_modules/.package-lock.json out of date, updated: node_modules
16 http fetch GET 200 https://registry.npmjs.org/vite 442ms (cache revalidated)
17 silly packumentCache corgi:https://registry.npmjs.org/vite set size:2261551 disposed:false
18 http fetch GET 200 https://registry.npmjs.org/@vitejs%2fplugin-react 481ms (cache revalidated)
19 silly packumentCache corgi:https://registry.npmjs.org/@vitejs%2fplugin-react set size:113751 disposed:false
20 silly idealTree buildDeps
21 silly fetch manifest @vitejs/plugin-react@6.0.2
22 silly packumentCache full:https://registry.npmjs.org/@vitejs%2fplugin-react cache-miss
23 http fetch GET 200 https://registry.npmjs.org/@vitejs%2fplugin-react 121ms (cache revalidated)
24 silly packumentCache full:https://registry.npmjs.org/@vitejs%2fplugin-react set size:267531 disposed:false
25 silly fetch manifest @rolldown/plugin-babel@^0.1.7 || ^0.2.0
26 silly packumentCache full:https://registry.npmjs.org/@rolldown%2fplugin-babel cache-miss
27 http fetch GET 200 https://registry.npmjs.org/@rolldown%2fplugin-babel 314ms (cache miss)
28 silly packumentCache full:https://registry.npmjs.org/@rolldown%2fplugin-babel set size:undefined disposed:false
29 silly fetch manifest @babel/core@^7.29.0 || ^8.0.0-rc.1
30 silly packumentCache full:https://registry.npmjs.org/@babel%2fcore cache-miss
31 http fetch GET 200 https://registry.npmjs.org/@babel%2fcore 101ms (cache revalidated)
32 silly packumentCache full:https://registry.npmjs.org/@babel%2fcore set size:779631 disposed:false
33 silly fetch manifest @babel/plugin-transform-runtime@^7.29.0 || ^8.0.0-rc.1
34 silly packumentCache full:https://registry.npmjs.org/@babel%2fplugin-transform-runtime cache-miss
35 http fetch GET 200 https://registry.npmjs.org/@babel%2fplugin-transform-runtime 299ms (cache miss)
36 silly packumentCache full:https://registry.npmjs.org/@babel%2fplugin-transform-runtime set size:undefined disposed:false
37 silly fetch manifest @babel/runtime@^7.27.0 || ^8.0.0-rc.1
38 silly packumentCache full:https://registry.npmjs.org/@babel%2fruntime cache-miss
39 http fetch GET 200 https://registry.npmjs.org/@babel%2fruntime 761ms (cache miss)
40 silly packumentCache full:https://registry.npmjs.org/@babel%2fruntime set size:undefined disposed:false
41 silly fetch manifest rolldown@^1.0.0-rc.5
42 silly packumentCache full:https://registry.npmjs.org/rolldown cache-miss
43 http fetch GET 200 https://registry.npmjs.org/rolldown 484ms (cache miss)
44 silly packumentCache full:https://registry.npmjs.org/rolldown set size:undefined disposed:false
45 silly fetch manifest vite@8.0.16
46 silly packumentCache full:https://registry.npmjs.org/vite cache-miss
47 http fetch GET 200 https://registry.npmjs.org/vite 220ms (cache revalidated)
48 silly packumentCache full:https://registry.npmjs.org/vite set size:38863551 disposed:false
49 silly fetch manifest @types/node@^20.19.0 || >=22.12.0
50 silly packumentCache full:https://registry.npmjs.org/@types%2fnode cache-miss
51 http fetch GET 200 https://registry.npmjs.org/@types%2fnode 125ms (cache revalidated)
52 silly packumentCache full:https://registry.npmjs.org/@types%2fnode set size:11047915 disposed:false
53 silly fetch manifest @vitejs/devtools@^0.1.18
54 silly packumentCache full:https://registry.npmjs.org/@vitejs%2fdevtools cache-miss
55 http fetch GET 200 https://registry.npmjs.org/@vitejs%2fdevtools 136ms (cache miss)
56 silly packumentCache full:https://registry.npmjs.org/@vitejs%2fdevtools set size:undefined disposed:false
57 silly fetch manifest esbuild@^0.27.0 || ^0.28.0
58 silly packumentCache full:https://registry.npmjs.org/esbuild cache-miss
59 http fetch GET 200 https://registry.npmjs.org/esbuild 92ms (cache revalidated)
60 silly packumentCache full:https://registry.npmjs.org/esbuild set size:1259608 disposed:false
61 silly fetch manifest jiti@>=1.21.0
62 silly packumentCache full:https://registry.npmjs.org/jiti cache-miss
63 http fetch GET 200 https://registry.npmjs.org/jiti 94ms (cache revalidated)
64 silly packumentCache full:https://registry.npmjs.org/jiti set size:387989 disposed:false
65 silly fetch manifest less@^4.0.0
66 silly packumentCache full:https://registry.npmjs.org/less cache-miss
67 http fetch GET 200 https://registry.npmjs.org/less 96ms (cache revalidated)
68 silly packumentCache full:https://registry.npmjs.org/less set size:461684 disposed:false
69 silly fetch manifest sass@^1.70.0
70 silly packumentCache full:https://registry.npmjs.org/sass cache-miss
71 http fetch GET 200 https://registry.npmjs.org/sass 107ms (cache revalidated)
72 silly packumentCache full:https://registry.npmjs.org/sass set size:730445 disposed:false
73 silly fetch manifest sass-embedded@^1.70.0
74 silly packumentCache full:https://registry.npmjs.org/sass-embedded cache-miss
75 http fetch GET 200 https://registry.npmjs.org/sass-embedded 94ms (cache revalidated)
76 silly packumentCache full:https://registry.npmjs.org/sass-embedded set size:419718 disposed:false
77 silly fetch manifest stylus@>=0.54.8
78 silly packumentCache full:https://registry.npmjs.org/stylus cache-miss
79 http fetch GET 200 https://registry.npmjs.org/stylus 91ms (cache revalidated)
80 silly packumentCache full:https://registry.npmjs.org/stylus set size:286766 disposed:false
81 silly fetch manifest sugarss@^5.0.0
82 silly packumentCache full:https://registry.npmjs.org/sugarss cache-miss
83 http fetch GET 200 https://registry.npmjs.org/sugarss 96ms (cache revalidated)
84 silly packumentCache full:https://registry.npmjs.org/sugarss set size:44975 disposed:false
85 silly fetch manifest postcss@^8.4.49
86 silly packumentCache full:https://registry.npmjs.org/postcss cache-miss
87 http fetch GET 200 https://registry.npmjs.org/postcss 88ms (cache revalidated)
88 silly packumentCache full:https://registry.npmjs.org/postcss set size:723316 disposed:false
89 silly fetch manifest terser@^5.16.0
90 silly packumentCache full:https://registry.npmjs.org/terser cache-miss
91 http fetch GET 200 https://registry.npmjs.org/terser 93ms (cache revalidated)
92 silly packumentCache full:https://registry.npmjs.org/terser set size:803566 disposed:false
93 silly fetch manifest tsx@^4.8.1
94 silly packumentCache full:https://registry.npmjs.org/tsx cache-miss
95 http fetch GET 200 https://registry.npmjs.org/tsx 85ms (cache revalidated)
96 silly packumentCache full:https://registry.npmjs.org/tsx set size:304668 disposed:false
97 silly fetch manifest yaml@^2.4.2
98 silly packumentCache full:https://registry.npmjs.org/yaml cache-miss
99 http fetch GET 200 https://registry.npmjs.org/yaml 82ms (cache revalidated)
100 silly packumentCache full:https://registry.npmjs.org/yaml set size:385754 disposed:false
101 silly fetch manifest babel-plugin-react-compiler@^1.0.0
102 silly packumentCache full:https://registry.npmjs.org/babel-plugin-react-compiler cache-miss
103 http fetch GET 200 https://registry.npmjs.org/babel-plugin-react-compiler 170ms (cache miss)
104 silly packumentCache full:https://registry.npmjs.org/babel-plugin-react-compiler set size:undefined disposed:false
105 silly placeDep ROOT @vitejs/plugin-react@6.0.2 REPLACE for: raj-footwear-storefront@1.0.0 want: 6.0.2
106 silly placeDep ROOT vite@8.0.16 OK for: @vitejs/plugin-react@6.0.2 want: ^8.0.0
107 silly placeDep ROOT vite@8.0.16 REPLACE for: raj-footwear-storefront@1.0.0 want: 8.0.16
108 silly fetch manifest @rolldown/pluginutils@^1.0.0
109 silly packumentCache full:https://registry.npmjs.org/@rolldown%2fpluginutils cache-miss
110 silly fetch manifest rolldown@1.0.3
111 silly packumentCache full:https://registry.npmjs.org/rolldown cache-miss
112 silly fetch manifest picomatch@^4.0.4
113 silly packumentCache full:https://registry.npmjs.org/picomatch cache-miss
114 silly fetch manifest lightningcss@^1.32.0
115 silly packumentCache full:https://registry.npmjs.org/lightningcss cache-miss
116 silly fetch manifest rolldown@1.0.3
117 silly packumentCache full:https://registry.npmjs.org/rolldown cache-miss
118 silly fetch manifest picomatch@^4.0.4
119 silly packumentCache full:https://registry.npmjs.org/picomatch cache-miss
120 silly fetch manifest lightningcss@^1.32.0
121 silly packumentCache full:https://registry.npmjs.org/lightningcss cache-miss
122 http cache https://registry.npmjs.org/rolldown 43ms (cache hit)
123 silly packumentCache full:https://registry.npmjs.org/rolldown set size:3731401 disposed:false
124 http cache https://registry.npmjs.org/rolldown 103ms (cache hit)
125 silly packumentCache full:https://registry.npmjs.org/rolldown set size:3731401 disposed:false
126 http fetch GET 200 https://registry.npmjs.org/lightningcss 147ms (cache revalidated)
127 silly packumentCache full:https://registry.npmjs.org/lightningcss set size:186753 disposed:false
128 http fetch GET 200 https://registry.npmjs.org/picomatch 159ms (cache revalidated)
129 silly packumentCache full:https://registry.npmjs.org/picomatch set size:126376 disposed:false
130 http fetch GET 200 https://registry.npmjs.org/picomatch 244ms (cache revalidated)
131 silly packumentCache full:https://registry.npmjs.org/picomatch set size:126376 disposed:false
132 silly packumentCache full:https://registry.npmjs.org/picomatch dispose
133 http fetch GET 200 https://registry.npmjs.org/lightningcss 382ms (cache revalidated)
134 silly packumentCache full:https://registry.npmjs.org/lightningcss set size:186753 disposed:false
135 silly packumentCache full:https://registry.npmjs.org/lightningcss dispose
136 http fetch GET 200 https://registry.npmjs.org/@rolldown%2fpluginutils 402ms (cache revalidated)
137 silly packumentCache full:https://registry.npmjs.org/@rolldown%2fpluginutils set size:300388 disposed:false
138 silly placeDep ROOT @rolldown/pluginutils@1.0.1 OK for: @vitejs/plugin-react@6.0.2 want: ^1.0.0
139 silly placeDep ROOT lightningcss@1.32.0 OK for: vite@8.0.16 want: ^1.32.0
140 silly placeDep node_modules/vite picomatch@4.0.4 OK for: vite@8.0.16 want: ^4.0.4
141 silly placeDep ROOT rolldown@1.0.3 OK for: vite@8.0.16 want: 1.0.3
142 silly fetch manifest detect-libc@^2.0.3
143 silly packumentCache full:https://registry.npmjs.org/detect-libc cache-miss
144 silly fetch manifest lightningcss-darwin-x64@1.32.0
145 silly packumentCache full:https://registry.npmjs.org/lightningcss-darwin-x64 cache-miss
146 silly fetch manifest lightningcss-linux-x64-gnu@1.32.0
147 silly packumentCache full:https://registry.npmjs.org/lightningcss-linux-x64-gnu cache-miss
148 silly fetch manifest lightningcss-win32-x64-msvc@1.32.0
149 silly packumentCache full:https://registry.npmjs.org/lightningcss-win32-x64-msvc cache-miss
150 silly fetch manifest lightningcss-win32-arm64-msvc@1.32.0
151 silly packumentCache full:https://registry.npmjs.org/lightningcss-win32-arm64-msvc cache-miss
152 silly fetch manifest lightningcss-darwin-arm64@1.32.0
153 silly packumentCache full:https://registry.npmjs.org/lightningcss-darwin-arm64 cache-miss
154 silly fetch manifest lightningcss-linux-arm64-gnu@1.32.0
155 silly packumentCache full:https://registry.npmjs.org/lightningcss-linux-arm64-gnu cache-miss
156 silly fetch manifest lightningcss-linux-arm-gnueabihf@1.32.0
157 silly packumentCache full:https://registry.npmjs.org/lightningcss-linux-arm-gnueabihf cache-miss
158 silly fetch manifest lightningcss-linux-arm64-musl@1.32.0
159 silly packumentCache full:https://registry.npmjs.org/lightningcss-linux-arm64-musl cache-miss
160 silly fetch manifest lightningcss-linux-x64-musl@1.32.0
161 silly packumentCache full:https://registry.npmjs.org/lightningcss-linux-x64-musl cache-miss
162 silly fetch manifest lightningcss-freebsd-x64@1.32.0
163 silly packumentCache full:https://registry.npmjs.org/lightningcss-freebsd-x64 cache-miss
164 http fetch GET 200 https://registry.npmjs.org/detect-libc 101ms (cache miss)
165 silly packumentCache full:https://registry.npmjs.org/detect-libc set size:undefined disposed:false
166 silly fetch manifest lightningcss-android-arm64@1.32.0
167 silly packumentCache full:https://registry.npmjs.org/lightningcss-android-arm64 cache-miss
168 http fetch GET 200 https://registry.npmjs.org/lightningcss-darwin-x64 140ms (cache miss)
169 silly packumentCache full:https://registry.npmjs.org/lightningcss-darwin-x64 set size:undefined disposed:false
170 silly fetch manifest @oxc-project/types@=0.133.0
171 silly packumentCache full:https://registry.npmjs.org/@oxc-project%2ftypes cache-miss
172 http fetch GET 200 https://registry.npmjs.org/lightningcss-linux-x64-gnu 273ms (cache miss)
173 silly packumentCache full:https://registry.npmjs.org/lightningcss-linux-x64-gnu set size:undefined disposed:false
174 silly fetch manifest @rolldown/binding-darwin-x64@1.0.3
175 silly packumentCache full:https://registry.npmjs.org/@rolldown%2fbinding-darwin-x64 cache-miss
176 http fetch GET 200 https://registry.npmjs.org/lightningcss-win32-x64-msvc 313ms (cache miss)
177 silly packumentCache full:https://registry.npmjs.org/lightningcss-win32-x64-msvc set size:undefined disposed:false
178 silly fetch manifest @rolldown/binding-freebsd-x64@1.0.3
179 silly packumentCache full:https://registry.npmjs.org/@rolldown%2fbinding-freebsd-x64 cache-miss
180 http fetch GET 200 https://registry.npmjs.org/lightningcss-android-arm64 297ms (cache miss)
181 silly packumentCache full:https://registry.npmjs.org/lightningcss-android-arm64 set size:undefined disposed:false
182 silly fetch manifest @rolldown/binding-wasm32-wasi@1.0.3
183 silly packumentCache full:https://registry.npmjs.org/@rolldown%2fbinding-wasm32-wasi cache-miss
184 http fetch GET 200 https://registry.npmjs.org/@oxc-project%2ftypes 295ms (cache miss)
185 silly packumentCache full:https://registry.npmjs.org/@oxc-project%2ftypes set size:undefined disposed:false
186 silly fetch manifest @rolldown/binding-darwin-arm64@1.0.3
187 silly packumentCache full:https://registry.npmjs.org/@rolldown%2fbinding-darwin-arm64 cache-miss
188 http fetch GET 200 https://registry.npmjs.org/lightningcss-linux-arm64-gnu 579ms (cache miss)
189 silly packumentCache full:https://registry.npmjs.org/lightningcss-linux-arm64-gnu set size:undefined disposed:false
190 silly fetch manifest @rolldown/binding-android-arm64@1.0.3
191 silly packumentCache full:https://registry.npmjs.org/@rolldown%2fbinding-android-arm64 cache-miss
192 http fetch GET 200 https://registry.npmjs.org/lightningcss-darwin-arm64 591ms (cache miss)
193 silly packumentCache full:https://registry.npmjs.org/lightningcss-darwin-arm64 set size:undefined disposed:false
194 silly fetch manifest @rolldown/binding-linux-x64-gnu@1.0.3
195 silly packumentCache full:https://registry.npmjs.org/@rolldown%2fbinding-linux-x64-gnu cache-miss
196 http fetch GET 200 https://registry.npmjs.org/lightningcss-linux-arm-gnueabihf 598ms (cache miss)
197 silly packumentCache full:https://registry.npmjs.org/lightningcss-linux-arm-gnueabihf set size:undefined disposed:false
198 silly fetch manifest @rolldown/binding-linux-x64-musl@1.0.3
199 silly packumentCache full:https://registry.npmjs.org/@rolldown%2fbinding-linux-x64-musl cache-miss
200 http fetch GET 200 https://registry.npmjs.org/lightningcss-linux-arm64-musl 629ms (cache miss)
201 silly packumentCache full:https://registry.npmjs.org/lightningcss-linux-arm64-musl set size:undefined disposed:false
202 silly fetch manifest @rolldown/binding-win32-x64-msvc@1.0.3
203 silly packumentCache full:https://registry.npmjs.org/@rolldown%2fbinding-win32-x64-msvc cache-miss
204 http fetch GET 200 https://registry.npmjs.org/lightningcss-freebsd-x64 662ms (cache miss)
205 silly packumentCache full:https://registry.npmjs.org/lightningcss-freebsd-x64 set size:undefined disposed:false
206 silly fetch manifest @rolldown/binding-linux-arm64-gnu@1.0.3
207 silly packumentCache full:https://registry.npmjs.org/@rolldown%2fbinding-linux-arm64-gnu cache-miss
208 http fetch GET 200 https://registry.npmjs.org/lightningcss-win32-arm64-msvc 723ms (cache miss)
209 silly packumentCache full:https://registry.npmjs.org/lightningcss-win32-arm64-msvc set size:undefined disposed:false
210 silly fetch manifest @rolldown/binding-linux-ppc64-gnu@1.0.3
211 silly packumentCache full:https://registry.npmjs.org/@rolldown%2fbinding-linux-ppc64-gnu cache-miss
212 http fetch GET 200 https://registry.npmjs.org/@rolldown%2fbinding-android-arm64 159ms (cache miss)
213 silly packumentCache full:https://registry.npmjs.org/@rolldown%2fbinding-android-arm64 set size:undefined disposed:false
214 silly fetch manifest @rolldown/binding-linux-s390x-gnu@1.0.3
215 silly packumentCache full:https://registry.npmjs.org/@rolldown%2fbinding-linux-s390x-gnu cache-miss
216 http fetch GET 200 https://registry.npmjs.org/lightningcss-linux-x64-musl 886ms (cache miss)
217 silly packumentCache full:https://registry.npmjs.org/lightningcss-linux-x64-musl set size:undefined disposed:false
218 silly fetch manifest @rolldown/binding-linux-arm64-musl@1.0.3
219 silly packumentCache full:https://registry.npmjs.org/@rolldown%2fbinding-linux-arm64-musl cache-miss
220 http fetch GET 200 https://registry.npmjs.org/@rolldown%2fbinding-darwin-x64 673ms (cache miss)
221 silly packumentCache full:https://registry.npmjs.org/@rolldown%2fbinding-darwin-x64 set size:undefined disposed:false
222 silly fetch manifest @rolldown/binding-win32-arm64-msvc@1.0.3
223 silly packumentCache full:https://registry.npmjs.org/@rolldown%2fbinding-win32-arm64-msvc cache-miss
224 http fetch GET 200 https://registry.npmjs.org/@rolldown%2fbinding-freebsd-x64 649ms (cache miss)
225 silly packumentCache full:https://registry.npmjs.org/@rolldown%2fbinding-freebsd-x64 set size:undefined disposed:false
226 silly fetch manifest @rolldown/binding-openharmony-arm64@1.0.3
227 silly packumentCache full:https://registry.npmjs.org/@rolldown%2fbinding-openharmony-arm64 cache-miss
228 http fetch GET 200 https://registry.npmjs.org/@rolldown%2fbinding-darwin-arm64 679ms (cache miss)
229 silly packumentCache full:https://registry.npmjs.org/@rolldown%2fbinding-darwin-arm64 set size:undefined disposed:false
230 silly fetch manifest @rolldown/binding-linux-arm-gnueabihf@1.0.3
231 silly packumentCache full:https://registry.npmjs.org/@rolldown%2fbinding-linux-arm-gnueabihf cache-miss
232 http fetch GET 200 https://registry.npmjs.org/@rolldown%2fbinding-wasm32-wasi 814ms (cache miss)
233 silly packumentCache full:https://registry.npmjs.org/@rolldown%2fbinding-wasm32-wasi set size:undefined disposed:false
234 http fetch GET 200 https://registry.npmjs.org/@rolldown%2fbinding-openharmony-arm64 342ms (cache miss)
235 silly packumentCache full:https://registry.npmjs.org/@rolldown%2fbinding-openharmony-arm64 set size:undefined disposed:false
236 http fetch GET 200 https://registry.npmjs.org/@rolldown%2fbinding-linux-x64-gnu 812ms (cache miss)
237 silly packumentCache full:https://registry.npmjs.org/@rolldown%2fbinding-linux-x64-gnu set size:undefined disposed:false
238 http fetch GET 200 https://registry.npmjs.org/@rolldown%2fbinding-linux-ppc64-gnu 696ms (cache miss)
239 silly packumentCache full:https://registry.npmjs.org/@rolldown%2fbinding-linux-ppc64-gnu set size:undefined disposed:false
240 http fetch GET 200 https://registry.npmjs.org/@rolldown%2fbinding-win32-arm64-msvc 523ms (cache miss)
241 silly packumentCache full:https://registry.npmjs.org/@rolldown%2fbinding-win32-arm64-msvc set size:undefined disposed:false
242 http fetch GET 200 https://registry.npmjs.org/@rolldown%2fbinding-linux-arm-gnueabihf 562ms (cache miss)
243 silly packumentCache full:https://registry.npmjs.org/@rolldown%2fbinding-linux-arm-gnueabihf set size:undefined disposed:false
244 http fetch GET 200 https://registry.npmjs.org/@rolldown%2fbinding-linux-x64-musl 1339ms (cache miss)
245 silly packumentCache full:https://registry.npmjs.org/@rolldown%2fbinding-linux-x64-musl set size:undefined disposed:false
246 http fetch GET 200 https://registry.npmjs.org/@rolldown%2fbinding-linux-s390x-gnu 1209ms (cache miss)
247 silly packumentCache full:https://registry.npmjs.org/@rolldown%2fbinding-linux-s390x-gnu set size:undefined disposed:false
248 http fetch GET 200 https://registry.npmjs.org/@rolldown%2fbinding-win32-x64-msvc 1465ms (cache miss)
249 silly packumentCache full:https://registry.npmjs.org/@rolldown%2fbinding-win32-x64-msvc set size:undefined disposed:false
250 http fetch GET 200 https://registry.npmjs.org/@rolldown%2fbinding-linux-arm64-gnu 1496ms (cache miss)
251 silly packumentCache full:https://registry.npmjs.org/@rolldown%2fbinding-linux-arm64-gnu set size:undefined disposed:false
252 http fetch GET 200 https://registry.npmjs.org/@rolldown%2fbinding-linux-arm64-musl 1484ms (cache miss)
253 silly packumentCache full:https://registry.npmjs.org/@rolldown%2fbinding-linux-arm64-musl set size:undefined disposed:false
254 silly placeDep ROOT detect-libc@2.1.2 OK for: lightningcss@1.32.0 want: ^2.0.3
255 silly placeDep ROOT lightningcss-android-arm64@1.32.0 OK for: lightningcss@1.32.0 want: 1.32.0
256 silly placeDep ROOT lightningcss-darwin-arm64@1.32.0 OK for: lightningcss@1.32.0 want: 1.32.0
257 silly placeDep ROOT lightningcss-darwin-x64@1.32.0 OK for: lightningcss@1.32.0 want: 1.32.0
258 silly placeDep ROOT lightningcss-freebsd-x64@1.32.0 OK for: lightningcss@1.32.0 want: 1.32.0
259 silly placeDep ROOT lightningcss-linux-arm-gnueabihf@1.32.0 OK for: lightningcss@1.32.0 want: 1.32.0
260 silly placeDep ROOT lightningcss-linux-arm64-gnu@1.32.0 OK for: lightningcss@1.32.0 want: 1.32.0
261 silly placeDep ROOT lightningcss-linux-arm64-musl@1.32.0 OK for: lightningcss@1.32.0 want: 1.32.0
262 silly placeDep ROOT lightningcss-linux-x64-gnu@1.32.0 OK for: lightningcss@1.32.0 want: 1.32.0
263 silly placeDep ROOT lightningcss-linux-x64-musl@1.32.0 OK for: lightningcss@1.32.0 want: 1.32.0
264 silly placeDep ROOT lightningcss-win32-arm64-msvc@1.32.0 OK for: lightningcss@1.32.0 want: 1.32.0
265 silly placeDep ROOT lightningcss-win32-x64-msvc@1.32.0 OK for: lightningcss@1.32.0 want: 1.32.0
266 silly placeDep ROOT @oxc-project/types@0.133.0 OK for: rolldown@1.0.3 want: =0.133.0
267 silly placeDep ROOT @rolldown/binding-android-arm64@1.0.3 OK for: rolldown@1.0.3 want: 1.0.3
268 silly placeDep ROOT @rolldown/binding-darwin-arm64@1.0.3 OK for: rolldown@1.0.3 want: 1.0.3
269 silly placeDep ROOT @rolldown/binding-darwin-x64@1.0.3 OK for: rolldown@1.0.3 want: 1.0.3
270 silly placeDep ROOT @rolldown/binding-freebsd-x64@1.0.3 OK for: rolldown@1.0.3 want: 1.0.3
271 silly placeDep ROOT @rolldown/binding-linux-arm-gnueabihf@1.0.3 OK for: rolldown@1.0.3 want: 1.0.3
272 silly placeDep ROOT @rolldown/binding-linux-arm64-gnu@1.0.3 OK for: rolldown@1.0.3 want: 1.0.3
273 silly placeDep ROOT @rolldown/binding-linux-arm64-musl@1.0.3 OK for: rolldown@1.0.3 want: 1.0.3
274 silly placeDep ROOT @rolldown/binding-linux-ppc64-gnu@1.0.3 OK for: rolldown@1.0.3 want: 1.0.3
275 silly placeDep ROOT @rolldown/binding-linux-s390x-gnu@1.0.3 OK for: rolldown@1.0.3 want: 1.0.3
276 silly placeDep ROOT @rolldown/binding-linux-x64-gnu@1.0.3 OK for: rolldown@1.0.3 want: 1.0.3
277 silly placeDep ROOT @rolldown/binding-linux-x64-musl@1.0.3 OK for: rolldown@1.0.3 want: 1.0.3
278 silly placeDep ROOT @rolldown/binding-openharmony-arm64@1.0.3 OK for: rolldown@1.0.3 want: 1.0.3
279 silly placeDep ROOT @rolldown/binding-wasm32-wasi@1.0.3 OK for: rolldown@1.0.3 want: 1.0.3
280 silly placeDep ROOT @rolldown/binding-win32-arm64-msvc@1.0.3 OK for: rolldown@1.0.3 want: 1.0.3
281 silly placeDep ROOT @rolldown/binding-win32-x64-msvc@1.0.3 OK for: rolldown@1.0.3 want: 1.0.3
282 silly fetch manifest @emnapi/core@1.10.0
283 silly packumentCache full:https://registry.npmjs.org/@emnapi%2fcore cache-miss
284 silly fetch manifest @emnapi/runtime@1.10.0
285 silly packumentCache full:https://registry.npmjs.org/@emnapi%2fruntime cache-miss
286 silly fetch manifest @napi-rs/wasm-runtime@^1.1.4
287 silly packumentCache full:https://registry.npmjs.org/@napi-rs%2fwasm-runtime cache-miss
288 http fetch GET 200 https://registry.npmjs.org/@napi-rs%2fwasm-runtime 138ms (cache miss)
289 silly packumentCache full:https://registry.npmjs.org/@napi-rs%2fwasm-runtime set size:undefined disposed:false
290 http fetch GET 200 https://registry.npmjs.org/@emnapi%2fcore 143ms (cache miss)
291 silly packumentCache full:https://registry.npmjs.org/@emnapi%2fcore set size:undefined disposed:false
292 http fetch GET 200 https://registry.npmjs.org/@emnapi%2fruntime 145ms (cache miss)
293 silly packumentCache full:https://registry.npmjs.org/@emnapi%2fruntime set size:undefined disposed:false
294 silly placeDep ROOT @emnapi/core@1.10.0 OK for: @rolldown/binding-wasm32-wasi@1.0.3 want: 1.10.0
295 silly placeDep ROOT @emnapi/runtime@1.10.0 OK for: @rolldown/binding-wasm32-wasi@1.0.3 want: 1.10.0
296 silly placeDep ROOT @napi-rs/wasm-runtime@1.1.5 OK for: @rolldown/binding-wasm32-wasi@1.0.3 want: ^1.1.4
297 silly fetch manifest tslib@^2.4.0
298 silly packumentCache full:https://registry.npmjs.org/tslib cache-miss
299 silly fetch manifest @emnapi/wasi-threads@1.2.1
300 silly packumentCache full:https://registry.npmjs.org/@emnapi%2fwasi-threads cache-miss
301 silly fetch manifest tslib@^2.4.0
302 silly packumentCache full:https://registry.npmjs.org/tslib cache-miss
303 silly fetch manifest @tybys/wasm-util@^0.10.2
304 silly packumentCache full:https://registry.npmjs.org/@tybys%2fwasm-util cache-miss
305 http fetch GET 200 https://registry.npmjs.org/tslib 167ms (cache miss)
306 silly packumentCache full:https://registry.npmjs.org/tslib set size:undefined disposed:false
307 http fetch GET 200 https://registry.npmjs.org/tslib 212ms (cache miss)
308 silly packumentCache full:https://registry.npmjs.org/tslib set size:undefined disposed:false
309 http fetch GET 200 https://registry.npmjs.org/@emnapi%2fwasi-threads 284ms (cache miss)
310 silly packumentCache full:https://registry.npmjs.org/@emnapi%2fwasi-threads set size:undefined disposed:false
311 http fetch GET 200 https://registry.npmjs.org/@tybys%2fwasm-util 350ms (cache miss)
312 silly packumentCache full:https://registry.npmjs.org/@tybys%2fwasm-util set size:undefined disposed:false
313 silly placeDep ROOT @emnapi/wasi-threads@1.2.1 OK for: @emnapi/core@1.10.0 want: 1.2.1
314 silly placeDep ROOT tslib@2.8.1 OK for: @emnapi/core@1.10.0 want: ^2.4.0
315 silly placeDep ROOT @tybys/wasm-util@0.10.2 OK for: @napi-rs/wasm-runtime@1.1.5 want: ^0.10.2
316 silly reify mark retired [ 'D:\\Footwear\\node_modules\\convert-source-map' ]
317 silly reify mark retired [
317 silly reify   'D:\\Footwear\\node_modules\\esbuild',
317 silly reify   'D:\\Footwear\\node_modules\\.bin\\esbuild',
317 silly reify   'D:\\Footwear\\node_modules\\.bin\\esbuild.cmd',
317 silly reify   'D:\\Footwear\\node_modules\\.bin\\esbuild.ps1'
317 silly reify ]
318 silly reify mark retired [ 'D:\\Footwear\\node_modules\\debug' ]
319 silly reify mark retired [ 'D:\\Footwear\\node_modules\\gensync' ]
320 silly reify mark retired [
320 silly reify   'D:\\Footwear\\node_modules\\jsesc',
320 silly reify   'D:\\Footwear\\node_modules\\.bin\\jsesc',
320 silly reify   'D:\\Footwear\\node_modules\\.bin\\jsesc.cmd',
320 silly reify   'D:\\Footwear\\node_modules\\.bin\\jsesc.ps1'
320 silly reify ]
321 silly reify mark retired [
321 silly reify   'D:\\Footwear\\node_modules\\json5',
321 silly reify   'D:\\Footwear\\node_modules\\.bin\\json5',
321 silly reify   'D:\\Footwear\\node_modules\\.bin\\json5.cmd',
321 silly reify   'D:\\Footwear\\node_modules\\.bin\\json5.ps1'
321 silly reify ]
322 silly reify mark retired [ 'D:\\Footwear\\node_modules\\ms' ]
323 silly reify mark retired [ 'D:\\Footwear\\node_modules\\lru-cache' ]
324 silly reify mark retired [ 'D:\\Footwear\\node_modules\\react-refresh' ]
325 silly reify mark retired [
325 silly reify   'D:\\Footwear\\node_modules\\rollup',
325 silly reify   'D:\\Footwear\\node_modules\\.bin\\rollup',
325 silly reify   'D:\\Footwear\\node_modules\\.bin\\rollup.cmd',
325 silly reify   'D:\\Footwear\\node_modules\\.bin\\rollup.ps1'
325 silly reify ]
326 silly reify mark retired [
326 silly reify   'D:\\Footwear\\node_modules\\semver',
326 silly reify   'D:\\Footwear\\node_modules\\.bin\\semver',
326 silly reify   'D:\\Footwear\\node_modules\\.bin\\semver.cmd',
326 silly reify   'D:\\Footwear\\node_modules\\.bin\\semver.ps1'
326 silly reify ]
327 silly reify mark retired [ 'D:\\Footwear\\node_modules\\yallist' ]
328 silly reify mark retired [
328 silly reify   'D:\\Footwear\\node_modules\\vite',
328 silly reify   'D:\\Footwear\\node_modules\\.bin\\vite',
328 silly reify   'D:\\Footwear\\node_modules\\.bin\\vite.cmd',
328 silly reify   'D:\\Footwear\\node_modules\\.bin\\vite.ps1'
328 silly reify ]
329 silly reify mark retired [ 'D:\\Footwear\\node_modules\\@babel\\compat-data' ]
330 silly reify mark retired [ 'D:\\Footwear\\node_modules\\@babel\\core' ]
331 silly reify mark retired [ 'D:\\Footwear\\node_modules\\@babel\\helper-globals' ]
332 silly reify mark retired [ 'D:\\Footwear\\node_modules\\@babel\\generator' ]
333 silly reify mark retired [ 'D:\\Footwear\\node_modules\\@babel\\helper-module-imports' ]
334 silly reify mark retired [ 'D:\\Footwear\\node_modules\\@babel\\helper-validator-identifier' ]
335 silly reify mark retired [ 'D:\\Footwear\\node_modules\\@babel\\helper-compilation-targets' ]
336 silly reify mark retired [ 'D:\\Footwear\\node_modules\\@babel\\helper-string-parser' ]
337 silly reify mark retired [ 'D:\\Footwear\\node_modules\\@babel\\helper-plugin-utils' ]
338 silly reify mark retired [ 'D:\\Footwear\\node_modules\\@babel\\helper-validator-option' ]
339 silly reify mark retired [
339 silly reify   'D:\\Footwear\\node_modules\\@babel\\plugin-transform-react-jsx-self'
339 silly reify ]
340 silly reify mark retired [ 'D:\\Footwear\\node_modules\\@babel\\helpers' ]
341 silly reify mark retired [ 'D:\\Footwear\\node_modules\\@babel\\traverse' ]
342 silly reify mark retired [ 'D:\\Footwear\\node_modules\\@babel\\code-frame' ]
343 silly reify mark retired [ 'D:\\Footwear\\node_modules\\@babel\\types' ]
344 silly reify mark retired [ 'D:\\Footwear\\node_modules\\@babel\\helper-module-transforms' ]
345 silly reify mark retired [ 'D:\\Footwear\\node_modules\\@babel\\template' ]
346 silly reify mark retired [
346 silly reify   'D:\\Footwear\\node_modules\\@babel\\parser',
346 silly reify   'D:\\Footwear\\node_modules\\.bin\\parser',
346 silly reify   'D:\\Footwear\\node_modules\\.bin\\parser.cmd',
346 silly reify   'D:\\Footwear\\node_modules\\.bin\\parser.ps1'
346 silly reify ]
347 silly reify mark retired [ 'D:\\Footwear\\node_modules\\@esbuild\\win32-x64' ]
348 silly reify mark retired [
348 silly reify   'D:\\Footwear\\node_modules\\@babel\\plugin-transform-react-jsx-source'
348 silly reify ]
349 silly reify mark retired [ 'D:\\Footwear\\node_modules\\@types\\babel__generator' ]
350 silly reify mark retired [ 'D:\\Footwear\\node_modules\\@rollup\\rollup-win32-x64-gnu' ]
351 silly reify mark retired [ 'D:\\Footwear\\node_modules\\@types\\babel__core' ]
352 silly reify mark retired [ 'D:\\Footwear\\node_modules\\@rolldown\\pluginutils' ]
353 silly reify mark retired [ 'D:\\Footwear\\node_modules\\@types\\babel__template' ]
354 silly reify mark retired [ 'D:\\Footwear\\node_modules\\@rollup\\rollup-win32-x64-msvc' ]
355 silly reify mark retired [ 'D:\\Footwear\\node_modules\\@vitejs\\plugin-react' ]
356 silly reify mark retired [ 'D:\\Footwear\\node_modules\\@types\\estree' ]
357 silly reify mark retired [ 'D:\\Footwear\\node_modules\\@types\\babel__traverse' ]
358 silly reify mark retired [ 'D:\\Footwear\\node_modules\\@jridgewell\\remapping' ]
359 silly reify moves {
359 silly reify   'D:\\Footwear\\node_modules\\convert-source-map': 'D:\\Footwear\\node_modules\\.convert-source-map-baedd3or',
359 silly reify   'D:\\Footwear\\node_modules\\esbuild': 'D:\\Footwear\\node_modules\\.esbuild-dfN9mGNc',
359 silly reify   'D:\\Footwear\\node_modules\\.bin\\esbuild': 'D:\\Footwear\\node_modules\\.bin\\.esbuild-Y9Y69UcZ',
359 silly reify   'D:\\Footwear\\node_modules\\.bin\\esbuild.cmd': 'D:\\Footwear\\node_modules\\.bin\\.esbuild.cmd-bASQZmdE',
359 silly reify   'D:\\Footwear\\node_modules\\.bin\\esbuild.ps1': 'D:\\Footwear\\node_modules\\.bin\\.esbuild.ps1-e6Ho0kqZ',
359 silly reify   'D:\\Footwear\\node_modules\\debug': 'D:\\Footwear\\node_modules\\.debug-4XCA1WHu',
359 silly reify   'D:\\Footwear\\node_modules\\gensync': 'D:\\Footwear\\node_modules\\.gensync-B6zZjQOw',
359 silly reify   'D:\\Footwear\\node_modules\\jsesc': 'D:\\Footwear\\node_modules\\.jsesc-XgLentNU',
359 silly reify   'D:\\Footwear\\node_modules\\.bin\\jsesc': 'D:\\Footwear\\node_modules\\.bin\\.jsesc-ATSr7N09',
359 silly reify   'D:\\Footwear\\node_modules\\.bin\\jsesc.cmd': 'D:\\Footwear\\node_modules\\.bin\\.jsesc.cmd-YteIk0A6',
359 silly reify   'D:\\Footwear\\node_modules\\.bin\\jsesc.ps1': 'D:\\Footwear\\node_modules\\.bin\\.jsesc.ps1-rGzkeybW',
359 silly reify   'D:\\Footwear\\node_modules\\json5': 'D:\\Footwear\\node_modules\\.json5-kyrSicwI',
359 silly reify   'D:\\Footwear\\node_modules\\.bin\\json5': 'D:\\Footwear\\node_modules\\.bin\\.json5-ZVNT2FE5',
359 silly reify   'D:\\Footwear\\node_modules\\.bin\\json5.cmd': 'D:\\Footwear\\node_modules\\.bin\\.json5.cmd-ORFUl617',
359 silly reify   'D:\\Footwear\\node_modules\\.bin\\json5.ps1': 'D:\\Footwear\\node_modules\\.bin\\.json5.ps1-GLCKfeaI',
359 silly reify   'D:\\Footwear\\node_modules\\ms': 'D:\\Footwear\\node_modules\\.ms-jVLOw8CA',
359 silly reify   'D:\\Footwear\\node_modules\\lru-cache': 'D:\\Footwear\\node_modules\\.lru-cache-mDefsS57',
359 silly reify   'D:\\Footwear\\node_modules\\react-refresh': 'D:\\Footwear\\node_modules\\.react-refresh-jqsnAZzc',
359 silly reify   'D:\\Footwear\\node_modules\\rollup': 'D:\\Footwear\\node_modules\\.rollup-XakQtrGy',
359 silly reify   'D:\\Footwear\\node_modules\\.bin\\rollup': 'D:\\Footwear\\node_modules\\.bin\\.rollup-xJmoDVBh',
359 silly reify   'D:\\Footwear\\node_modules\\.bin\\rollup.cmd': 'D:\\Footwear\\node_modules\\.bin\\.rollup.cmd-1nhOqMjN',
359 silly reify   'D:\\Footwear\\node_modules\\.bin\\rollup.ps1': 'D:\\Footwear\\node_modules\\.bin\\.rollup.ps1-QIDGIP2S',
359 silly reify   'D:\\Footwear\\node_modules\\semver': 'D:\\Footwear\\node_modules\\.semver-0CM6ZGMM',
359 silly reify   'D:\\Footwear\\node_modules\\.bin\\semver': 'D:\\Footwear\\node_modules\\.bin\\.semver-KWUdtNhT',
359 silly reify   'D:\\Footwear\\node_modules\\.bin\\semver.cmd': 'D:\\Footwear\\node_modules\\.bin\\.semver.cmd-GthLRdcN',
359 silly reify   'D:\\Footwear\\node_modules\\.bin\\semver.ps1': 'D:\\Footwear\\node_modules\\.bin\\.semver.ps1-GbNilqYx',
359 silly reify   'D:\\Footwear\\node_modules\\yallist': 'D:\\Footwear\\node_modules\\.yallist-tgp4mux4',
359 silly reify   'D:\\Footwear\\node_modules\\vite': 'D:\\Footwear\\node_modules\\.vite-Cf6nVlGl',
359 silly reify   'D:\\Footwear\\node_modules\\.bin\\vite': 'D:\\Footwear\\node_modules\\.bin\\.vite-hrixY8Xc',
359 silly reify   'D:\\Footwear\\node_modules\\.bin\\vite.cmd': 'D:\\Footwear\\node_modules\\.bin\\.vite.cmd-59b4A1Tq',
359 silly reify   'D:\\Footwear\\node_modules\\.bin\\vite.ps1': 'D:\\Footwear\\node_modules\\.bin\\.vite.ps1-s4Nxy4zt',
359 silly reify   'D:\\Footwear\\node_modules\\@babel\\compat-data': 'D:\\Footwear\\node_modules\\@babel\\.compat-data-FB4TBcJH',
359 silly reify   'D:\\Footwear\\node_modules\\@babel\\core': 'D:\\Footwear\\node_modules\\@babel\\.core-dswucpWD',
359 silly reify   'D:\\Footwear\\node_modules\\@babel\\helper-globals': 'D:\\Footwear\\node_modules\\@babel\\.helper-globals-HDkhosEi',
359 silly reify   'D:\\Footwear\\node_modules\\@babel\\generator': 'D:\\Footwear\\node_modules\\@babel\\.generator-NpryvRMg',
359 silly reify   'D:\\Footwear\\node_modules\\@babel\\helper-module-imports': 'D:\\Footwear\\node_modules\\@babel\\.helper-module-imports-XbU0jrFs',
359 silly reify   'D:\\Footwear\\node_modules\\@babel\\helper-validator-identifier': 'D:\\Footwear\\node_modules\\@babel\\.helper-validator-identifier-08rLJoZJ',
359 silly reify   'D:\\Footwear\\node_modules\\@babel\\helper-compilation-targets': 'D:\\Footwear\\node_modules\\@babel\\.helper-compilation-targets-zbBL0qRa',
359 silly reify   'D:\\Footwear\\node_modules\\@babel\\helper-string-parser': 'D:\\Footwear\\node_modules\\@babel\\.helper-string-parser-iX78AMcz',
359 silly reify   'D:\\Footwear\\node_modules\\@babel\\helper-plugin-utils': 'D:\\Footwear\\node_modules\\@babel\\.helper-plugin-utils-FfXNlIjh',
359 silly reify   'D:\\Footwear\\node_modules\\@babel\\helper-validator-option': 'D:\\Footwear\\node_modules\\@babel\\.helper-validator-option-t90L6uyf',
359 silly reify   'D:\\Footwear\\node_modules\\@babel\\plugin-transform-react-jsx-self': 'D:\\Footwear\\node_modules\\@babel\\.plugin-transform-react-jsx-self-Bj9p1jZY',
359 silly reify   'D:\\Footwear\\node_modules\\@babel\\helpers': 'D:\\Footwear\\node_modules\\@babel\\.helpers-UvHCFHF4',
359 silly reify   'D:\\Footwear\\node_modules\\@babel\\traverse': 'D:\\Footwear\\node_modules\\@babel\\.traverse-evefjMdl',
359 silly reify   'D:\\Footwear\\node_modules\\@babel\\code-frame': 'D:\\Footwear\\node_modules\\@babel\\.code-frame-YcsPdlgC',
359 silly reify   'D:\\Footwear\\node_modules\\@babel\\types': 'D:\\Footwear\\node_modules\\@babel\\.types-kh0PSZdS',
359 silly reify   'D:\\Footwear\\node_modules\\@babel\\helper-module-transforms': 'D:\\Footwear\\node_modules\\@babel\\.helper-module-transforms-a1vXbXR3',
359 silly reify   'D:\\Footwear\\node_modules\\@babel\\template': 'D:\\Footwear\\node_modules\\@babel\\.template-bSlco7oo',
359 silly reify   'D:\\Footwear\\node_modules\\@babel\\parser': 'D:\\Footwear\\node_modules\\@babel\\.parser-9iQfeBnM',
359 silly reify   'D:\\Footwear\\node_modules\\.bin\\parser': 'D:\\Footwear\\node_modules\\.bin\\.parser-h1pakhp3',
359 silly reify   'D:\\Footwear\\node_modules\\.bin\\parser.cmd': 'D:\\Footwear\\node_modules\\.bin\\.parser.cmd-iZtmcdol',
359 silly reify   'D:\\Footwear\\node_modules\\.bin\\parser.ps1': 'D:\\Footwear\\node_modules\\.bin\\.parser.ps1-Wf9y0zrI',
359 silly reify   'D:\\Footwear\\node_modules\\@esbuild\\win32-x64': 'D:\\Footwear\\node_modules\\@esbuild\\.win32-x64-gm38cSUs',
359 silly reify   'D:\\Footwear\\node_modules\\@babel\\plugin-transform-react-jsx-source': 'D:\\Footwear\\node_modules\\@babel\\.plugin-transform-react-jsx-source-qUps0dxw',
359 silly reify   'D:\\Footwear\\node_modules\\@types\\babel__generator': 'D:\\Footwear\\node_modules\\@types\\.babel__generator-OYZRrJ2j',
359 silly reify   'D:\\Footwear\\node_modules\\@rollup\\rollup-win32-x64-gnu': 'D:\\Footwear\\node_modules\\@rollup\\.rollup-win32-x64-gnu-ewBKSMzI',
359 silly reify   'D:\\Footwear\\node_modules\\@types\\babel__core': 'D:\\Footwear\\node_modules\\@types\\.babel__core-GDF7evOq',
359 silly reify   'D:\\Footwear\\node_modules\\@rolldown\\pluginutils': 'D:\\Footwear\\node_modules\\@rolldown\\.pluginutils-QGwKi2ZO',
359 silly reify   'D:\\Footwear\\node_modules\\@types\\babel__template': 'D:\\Footwear\\node_modules\\@types\\.babel__template-7uCapH0J',
359 silly reify   'D:\\Footwear\\node_modules\\@rollup\\rollup-win32-x64-msvc': 'D:\\Footwear\\node_modules\\@rollup\\.rollup-win32-x64-msvc-FAHKACkx',
359 silly reify   'D:\\Footwear\\node_modules\\@vitejs\\plugin-react': 'D:\\Footwear\\node_modules\\@vitejs\\.plugin-react-otCL4SpP',
359 silly reify   'D:\\Footwear\\node_modules\\@types\\estree': 'D:\\Footwear\\node_modules\\@types\\.estree-n00m6DNB',
359 silly reify   'D:\\Footwear\\node_modules\\@types\\babel__traverse': 'D:\\Footwear\\node_modules\\@types\\.babel__traverse-78sbd2IZ',
359 silly reify   'D:\\Footwear\\node_modules\\@jridgewell\\remapping': 'D:\\Footwear\\node_modules\\@jridgewell\\.remapping-MypcL0AG'
359 silly reify }
360 silly audit bulk request {
360 silly audit   '@alloc/quick-lru': [ '5.2.0' ],
360 silly audit   '@jridgewell/gen-mapping': [ '0.3.13' ],
360 silly audit   '@jridgewell/resolve-uri': [ '3.1.2' ],
360 silly audit   '@jridgewell/sourcemap-codec': [ '1.5.5' ],
360 silly audit   '@jridgewell/trace-mapping': [ '0.3.31' ],
360 silly audit   '@nodelib/fs.scandir': [ '2.1.5' ],
360 silly audit   '@nodelib/fs.stat': [ '2.0.5' ],
360 silly audit   '@nodelib/fs.walk': [ '1.2.8' ],
360 silly audit   '@remix-run/router': [ '1.23.3' ],
360 silly audit   'any-promise': [ '1.3.0' ],
360 silly audit   anymatch: [ '3.1.3' ],
360 silly audit   arg: [ '5.0.2' ],
360 silly audit   autoprefixer: [ '10.5.0' ],
360 silly audit   'baseline-browser-mapping': [ '2.10.37' ],
360 silly audit   'binary-extensions': [ '2.3.0' ],
360 silly audit   braces: [ '3.0.3' ],
360 silly audit   browserslist: [ '4.28.2' ],
360 silly audit   'camelcase-css': [ '2.0.1' ],
360 silly audit   'caniuse-lite': [ '1.0.30001799' ],
360 silly audit   chokidar: [ '3.6.0' ],
360 silly audit   'glob-parent': [ '5.1.2', '6.0.2' ],
360 silly audit   commander: [ '4.1.1' ],
360 silly audit   cssesc: [ '3.0.0' ],
360 silly audit   didyoumean: [ '1.2.2' ],
360 silly audit   dlv: [ '1.1.3' ],
360 silly audit   'electron-to-chromium': [ '1.5.372' ],
360 silly audit   'es-errors': [ '1.3.0' ],
360 silly audit   escalade: [ '3.2.0' ],
360 silly audit   'fast-glob': [ '3.3.3' ],
360 silly audit   fastq: [ '1.20.1' ],
360 silly audit   'fill-range': [ '7.1.1' ],
360 silly audit   'fraction.js': [ '5.3.4' ],
360 silly audit   fsevents: [ '2.3.3' ],
360 silly audit   'function-bind': [ '1.1.2' ],
360 silly audit   hasown: [ '2.0.4' ],
360 silly audit   'is-binary-path': [ '2.1.0' ],
360 silly audit   'is-core-module': [ '2.16.2' ],
360 silly audit   'is-extglob': [ '2.1.1' ],
360 silly audit   'is-glob': [ '4.0.3' ],
360 silly audit   'is-number': [ '7.0.0' ],
360 silly audit   jiti: [ '1.21.7' ],
360 silly audit   'js-tokens': [ '4.0.0' ],
360 silly audit   lilconfig: [ '3.1.3' ],
360 silly audit   'lines-and-columns': [ '1.2.4' ],
360 silly audit   'loose-envify': [ '1.4.0' ],
360 silly audit   'lucide-react': [ '0.468.0' ],
360 silly audit   merge2: [ '1.4.1' ],
360 silly audit   micromatch: [ '4.0.8' ],
360 silly audit   mz: [ '2.7.0' ],
360 silly audit   nanoid: [ '3.3.12' ],
360 silly audit   'node-releases': [ '2.0.47' ],
360 silly audit   'normalize-path': [ '3.0.0' ],
360 silly audit   'object-assign': [ '4.1.1' ],
360 silly audit   'object-hash': [ '3.0.0' ],
360 silly audit   'path-parse': [ '1.0.7' ],
360 silly audit   picocolors: [ '1.1.1' ],
360 silly audit   picomatch: [ '2.3.2', '4.0.4' ],
360 silly audit   pify: [ '2.3.0' ],
360 silly audit   pirates: [ '4.0.7' ],
360 silly audit   postcss: [ '8.5.15' ],
360 silly audit   'postcss-import': [ '15.1.0' ],
360 silly audit   'postcss-js': [ '4.1.0' ],
360 silly audit   'postcss-load-config': [ '6.0.1' ],
360 silly audit   'postcss-nested': [ '6.2.0' ],
360 silly audit   'postcss-selector-parser': [ '6.1.4' ],
360 silly audit   'postcss-value-parser': [ '4.2.0' ],
360 silly audit   'queue-microtask': [ '1.2.3' ],
360 silly audit   react: [ '18.3.1' ],
360 silly audit   'react-dom': [ '18.3.1' ],
360 silly audit   'react-router': [ '6.30.4' ],
360 silly audit   'react-router-dom': [ '6.30.4' ],
360 silly audit   'read-cache': [ '1.0.0' ],
360 silly audit   readdirp: [ '3.6.0' ],
360 silly audit   resolve: [ '1.22.12' ],
360 silly audit   reusify: [ '1.1.0' ],
360 silly audit   'run-parallel': [ '1.2.0' ],
360 silly audit   scheduler: [ '0.23.2' ],
360 silly audit   'source-map-js': [ '1.2.1' ],
360 silly audit   sucrase: [ '3.35.1' ],
360 silly audit   'supports-preserve-symlinks-flag': [ '1.0.0' ],
360 silly audit   tailwindcss: [ '3.4.19' ],
360 silly audit   thenify: [ '3.3.1' ],
360 silly audit   'thenify-all': [ '1.6.0' ],
360 silly audit   tinyglobby: [ '0.2.17' ],
360 silly audit   fdir: [ '6.5.0' ],
360 silly audit   'to-regex-range': [ '5.0.1' ],
360 silly audit   'ts-interface-checker': [ '0.1.13' ],
360 silly audit   'update-browserslist-db': [ '1.2.3' ],
360 silly audit   'util-deprecate': [ '1.0.2' ],
360 silly audit   '@vitejs/plugin-react': [ '6.0.2' ],
360 silly audit   vite: [ '8.0.16' ],
360 silly audit   '@rolldown/pluginutils': [ '1.0.1' ],
360 silly audit   lightningcss: [ '1.32.0' ],
360 silly audit   rolldown: [ '1.0.3' ],
360 silly audit   'detect-libc': [ '2.1.2' ],
360 silly audit   'lightningcss-android-arm64': [ '1.32.0' ],
360 silly audit   'lightningcss-darwin-arm64': [ '1.32.0' ],
360 silly audit   'lightningcss-darwin-x64': [ '1.32.0' ],
360 silly audit   'lightningcss-freebsd-x64': [ '1.32.0' ],
360 silly audit   'lightningcss-linux-arm-gnueabihf': [ '1.32.0' ],
360 silly audit   'lightningcss-linux-arm64-gnu': [ '1.32.0' ],
360 silly audit   'lightningcss-linux-arm64-musl': [ '1.32.0' ],
360 silly audit   'lightningcss-linux-x64-gnu': [ '1.32.0' ],
360 silly audit   'lightningcss-linux-x64-musl': [ '1.32.0' ],
360 silly audit   'lightningcss-win32-arm64-msvc': [ '1.32.0' ],
360 silly audit   'lightningcss-win32-x64-msvc': [ '1.32.0' ],
360 silly audit   '@oxc-project/types': [ '0.133.0' ],
360 silly audit   '@rolldown/binding-android-arm64': [ '1.0.3' ],
360 silly audit   '@rolldown/binding-darwin-arm64': [ '1.0.3' ],
360 silly audit   '@rolldown/binding-darwin-x64': [ '1.0.3' ],
360 silly audit   '@rolldown/binding-freebsd-x64': [ '1.0.3' ],
360 silly audit   '@rolldown/binding-linux-arm-gnueabihf': [ '1.0.3' ],
360 silly audit   '@rolldown/binding-linux-arm64-gnu': [ '1.0.3' ],
360 silly audit   '@rolldown/binding-linux-arm64-musl': [ '1.0.3' ],
360 silly audit   '@rolldown/binding-linux-ppc64-gnu': [ '1.0.3' ],
360 silly audit   '@rolldown/binding-linux-s390x-gnu': [ '1.0.3' ],
360 silly audit   '@rolldown/binding-linux-x64-gnu': [ '1.0.3' ],
360 silly audit   '@rolldown/binding-linux-x64-musl': [ '1.0.3' ],
360 silly audit   '@rolldown/binding-openharmony-arm64': [ '1.0.3' ],
360 silly audit   '@rolldown/binding-wasm32-wasi': [ '1.0.3' ],
360 silly audit   '@rolldown/binding-win32-arm64-msvc': [ '1.0.3' ],
360 silly audit   '@rolldown/binding-win32-x64-msvc': [ '1.0.3' ],
360 silly audit   '@emnapi/core': [ '1.10.0' ],
360 silly audit   '@emnapi/runtime': [ '1.10.0' ],
360 silly audit   '@napi-rs/wasm-runtime': [ '1.1.5' ],
360 silly audit   '@emnapi/wasi-threads': [ '1.2.1' ],
360 silly audit   tslib: [ '2.8.1' ],
360 silly audit   '@tybys/wasm-util': [ '0.10.2' ]
360 silly audit }
361 verbose reify failed optional dependency D:\Footwear\node_modules\@rolldown\binding-win32-arm64-msvc
362 silly reify mark deleted [ 'D:\\Footwear\\node_modules\\@rolldown\\binding-win32-arm64-msvc' ]
363 verbose reify failed optional dependency D:\Footwear\node_modules\@rolldown\binding-wasm32-wasi
364 silly reify mark deleted [ 'D:\\Footwear\\node_modules\\@rolldown\\binding-wasm32-wasi' ]
365 verbose reify failed optional dependency D:\Footwear\node_modules\@emnapi\core
366 silly reify mark deleted [ 'D:\\Footwear\\node_modules\\@emnapi\\core' ]
367 verbose reify failed optional dependency D:\Footwear\node_modules\@emnapi\runtime
368 silly reify mark deleted [ 'D:\\Footwear\\node_modules\\@emnapi\\runtime' ]
369 verbose reify failed optional dependency D:\Footwear\node_modules\@napi-rs\wasm-runtime
370 silly reify mark deleted [ 'D:\\Footwear\\node_modules\\@napi-rs\\wasm-runtime' ]
371 verbose reify failed optional dependency D:\Footwear\node_modules\tslib
372 silly reify mark deleted [ 'D:\\Footwear\\node_modules\\tslib' ]
373 verbose reify failed optional dependency D:\Footwear\node_modules\@emnapi\wasi-threads
374 silly reify mark deleted [ 'D:\\Footwear\\node_modules\\@emnapi\\wasi-threads' ]
375 verbose reify failed optional dependency D:\Footwear\node_modules\@tybys\wasm-util
376 silly reify mark deleted [ 'D:\\Footwear\\node_modules\\@tybys\\wasm-util' ]
377 verbose reify failed optional dependency D:\Footwear\node_modules\@rolldown\binding-openharmony-arm64
378 silly reify mark deleted [ 'D:\\Footwear\\node_modules\\@rolldown\\binding-openharmony-arm64' ]
379 verbose reify failed optional dependency D:\Footwear\node_modules\@rolldown\binding-linux-x64-musl
380 silly reify mark deleted [ 'D:\\Footwear\\node_modules\\@rolldown\\binding-linux-x64-musl' ]
381 verbose reify failed optional dependency D:\Footwear\node_modules\@rolldown\binding-linux-x64-gnu
382 silly reify mark deleted [ 'D:\\Footwear\\node_modules\\@rolldown\\binding-linux-x64-gnu' ]
383 verbose reify failed optional dependency D:\Footwear\node_modules\@rolldown\binding-linux-s390x-gnu
384 silly reify mark deleted [ 'D:\\Footwear\\node_modules\\@rolldown\\binding-linux-s390x-gnu' ]
385 verbose reify failed optional dependency D:\Footwear\node_modules\@rolldown\binding-linux-ppc64-gnu
386 silly reify mark deleted [ 'D:\\Footwear\\node_modules\\@rolldown\\binding-linux-ppc64-gnu' ]
387 verbose reify failed optional dependency D:\Footwear\node_modules\@rolldown\binding-linux-arm64-musl
388 silly reify mark deleted [ 'D:\\Footwear\\node_modules\\@rolldown\\binding-linux-arm64-musl' ]
389 verbose reify failed optional dependency D:\Footwear\node_modules\@rolldown\binding-linux-arm64-gnu
390 silly reify mark deleted [ 'D:\\Footwear\\node_modules\\@rolldown\\binding-linux-arm64-gnu' ]
391 verbose reify failed optional dependency D:\Footwear\node_modules\@rolldown\binding-linux-arm-gnueabihf
392 silly reify mark deleted [
392 silly reify   'D:\\Footwear\\node_modules\\@rolldown\\binding-linux-arm-gnueabihf'
392 silly reify ]
393 verbose reify failed optional dependency D:\Footwear\node_modules\@rolldown\binding-freebsd-x64
394 silly reify mark deleted [ 'D:\\Footwear\\node_modules\\@rolldown\\binding-freebsd-x64' ]
395 verbose reify failed optional dependency D:\Footwear\node_modules\@rolldown\binding-darwin-x64
396 silly reify mark deleted [ 'D:\\Footwear\\node_modules\\@rolldown\\binding-darwin-x64' ]
397 verbose reify failed optional dependency D:\Footwear\node_modules\@rolldown\binding-darwin-arm64
398 silly reify mark deleted [ 'D:\\Footwear\\node_modules\\@rolldown\\binding-darwin-arm64' ]
399 verbose reify failed optional dependency D:\Footwear\node_modules\@rolldown\binding-android-arm64
400 silly reify mark deleted [ 'D:\\Footwear\\node_modules\\@rolldown\\binding-android-arm64' ]
401 verbose reify failed optional dependency D:\Footwear\node_modules\lightningcss-win32-arm64-msvc
402 silly reify mark deleted [ 'D:\\Footwear\\node_modules\\lightningcss-win32-arm64-msvc' ]
403 verbose reify failed optional dependency D:\Footwear\node_modules\lightningcss-linux-x64-musl
404 silly reify mark deleted [ 'D:\\Footwear\\node_modules\\lightningcss-linux-x64-musl' ]
405 verbose reify failed optional dependency D:\Footwear\node_modules\lightningcss-linux-x64-gnu
406 silly reify mark deleted [ 'D:\\Footwear\\node_modules\\lightningcss-linux-x64-gnu' ]
407 verbose reify failed optional dependency D:\Footwear\node_modules\lightningcss-linux-arm64-musl
408 silly reify mark deleted [ 'D:\\Footwear\\node_modules\\lightningcss-linux-arm64-musl' ]
409 verbose reify failed optional dependency D:\Footwear\node_modules\lightningcss-linux-arm64-gnu
410 silly reify mark deleted [ 'D:\\Footwear\\node_modules\\lightningcss-linux-arm64-gnu' ]
411 verbose reify failed optional dependency D:\Footwear\node_modules\lightningcss-linux-arm-gnueabihf
412 silly reify mark deleted [ 'D:\\Footwear\\node_modules\\lightningcss-linux-arm-gnueabihf' ]
413 verbose reify failed optional dependency D:\Footwear\node_modules\lightningcss-freebsd-x64
414 silly reify mark deleted [ 'D:\\Footwear\\node_modules\\lightningcss-freebsd-x64' ]
415 verbose reify failed optional dependency D:\Footwear\node_modules\lightningcss-darwin-x64
416 silly reify mark deleted [ 'D:\\Footwear\\node_modules\\lightningcss-darwin-x64' ]
417 verbose reify failed optional dependency D:\Footwear\node_modules\lightningcss-darwin-arm64
418 silly reify mark deleted [ 'D:\\Footwear\\node_modules\\lightningcss-darwin-arm64' ]
419 verbose reify failed optional dependency D:\Footwear\node_modules\lightningcss-android-arm64
420 silly reify mark deleted [ 'D:\\Footwear\\node_modules\\lightningcss-android-arm64' ]
421 verbose reify failed optional dependency D:\Footwear\node_modules\fsevents
422 silly reify mark deleted [ 'D:\\Footwear\\node_modules\\fsevents' ]
423 http cache @tybys/wasm-util@https://registry.npmjs.org/@tybys/wasm-util/-/wasm-util-0.10.2.tgz 0ms (cache hit)
424 http cache @emnapi/wasi-threads@https://registry.npmjs.org/@emnapi/wasi-threads/-/wasi-threads-1.2.1.tgz 0ms (cache hit)
425 http cache @oxc-project/types@https://registry.npmjs.org/@oxc-project/types/-/types-0.133.0.tgz 0ms (cache hit)
426 http cache @rolldown/binding-win32-x64-msvc@https://registry.npmjs.org/@rolldown/binding-win32-x64-msvc/-/binding-win32-x64-msvc-1.0.3.tgz 0ms (cache hit)
427 http cache @emnapi/runtime@https://registry.npmjs.org/@emnapi/runtime/-/runtime-1.10.0.tgz 0ms (cache hit)
428 http cache @emnapi/core@https://registry.npmjs.org/@emnapi/core/-/core-1.10.0.tgz 0ms (cache hit)
429 http cache tslib@https://registry.npmjs.org/tslib/-/tslib-2.8.1.tgz 0ms (cache hit)
430 http cache detect-libc@https://registry.npmjs.org/detect-libc/-/detect-libc-2.1.2.tgz 0ms (cache hit)
431 http cache @vitejs/plugin-react@https://registry.npmjs.org/@vitejs/plugin-react/-/plugin-react-6.0.2.tgz 0ms (cache hit)
432 http cache picomatch@https://registry.npmjs.org/picomatch/-/picomatch-4.0.4.tgz 0ms (cache hit)
433 http cache rolldown@https://registry.npmjs.org/rolldown/-/rolldown-1.0.3.tgz 0ms (cache hit)
434 http cache lightningcss-win32-x64-msvc@https://registry.npmjs.org/lightningcss-win32-x64-msvc/-/lightningcss-win32-x64-msvc-1.32.0.tgz 0ms (cache hit)
435 http cache vite@https://registry.npmjs.org/vite/-/vite-8.0.16.tgz 0ms (cache hit)
436 http cache lightningcss@https://registry.npmjs.org/lightningcss/-/lightningcss-1.32.0.tgz 0ms (cache hit)
437 http cache @napi-rs/wasm-runtime@https://registry.npmjs.org/@napi-rs/wasm-runtime/-/wasm-runtime-1.1.5.tgz 0ms (cache hit)
438 silly tarball no local data for @tybys/wasm-util@https://registry.npmjs.org/@tybys/wasm-util/-/wasm-util-0.10.2.tgz. Extracting by manifest.
439 silly tarball no local data for @emnapi/wasi-threads@https://registry.npmjs.org/@emnapi/wasi-threads/-/wasi-threads-1.2.1.tgz. Extracting by manifest.
440 silly tarball no local data for @oxc-project/types@https://registry.npmjs.org/@oxc-project/types/-/types-0.133.0.tgz. Extracting by manifest.
441 silly tarball no local data for @rolldown/binding-win32-x64-msvc@https://registry.npmjs.org/@rolldown/binding-win32-x64-msvc/-/binding-win32-x64-msvc-1.0.3.tgz. Extracting by manifest.
442 silly tarball no local data for @emnapi/core@https://registry.npmjs.org/@emnapi/core/-/core-1.10.0.tgz. Extracting by manifest.
443 silly tarball no local data for @emnapi/runtime@https://registry.npmjs.org/@emnapi/runtime/-/runtime-1.10.0.tgz. Extracting by manifest.
444 silly tarball no local data for tslib@https://registry.npmjs.org/tslib/-/tslib-2.8.1.tgz. Extracting by manifest.
445 silly tarball no local data for detect-libc@https://registry.npmjs.org/detect-libc/-/detect-libc-2.1.2.tgz. Extracting by manifest.
446 silly tarball no local data for @vitejs/plugin-react@https://registry.npmjs.org/@vitejs/plugin-react/-/plugin-react-6.0.2.tgz. Extracting by manifest.
447 silly tarball no local data for rolldown@https://registry.npmjs.org/rolldown/-/rolldown-1.0.3.tgz. Extracting by manifest.
448 silly tarball no local data for lightningcss-win32-x64-msvc@https://registry.npmjs.org/lightningcss-win32-x64-msvc/-/lightningcss-win32-x64-msvc-1.32.0.tgz. Extracting by manifest.
449 silly tarball no local data for vite@https://registry.npmjs.org/vite/-/vite-8.0.16.tgz. Extracting by manifest.
450 http cache @rolldown/pluginutils@https://registry.npmjs.org/@rolldown/pluginutils/-/pluginutils-1.0.1.tgz 0ms (cache hit)
451 silly tarball no local data for @napi-rs/wasm-runtime@https://registry.npmjs.org/@napi-rs/wasm-runtime/-/wasm-runtime-1.1.5.tgz. Extracting by manifest.
452 silly tarball no local data for lightningcss@https://registry.npmjs.org/lightningcss/-/lightningcss-1.32.0.tgz. Extracting by manifest.
453 silly tarball no local data for @rolldown/pluginutils@https://registry.npmjs.org/@rolldown/pluginutils/-/pluginutils-1.0.1.tgz. Extracting by manifest.
454 http fetch POST 200 https://registry.npmjs.org/-/npm/v1/security/advisories/bulk 395ms
455 silly audit report {}
456 http fetch GET 200 https://registry.npmjs.org/@emnapi/wasi-threads/-/wasi-threads-1.2.1.tgz 506ms (cache miss)
457 http fetch GET 200 https://registry.npmjs.org/@emnapi/runtime/-/runtime-1.10.0.tgz 599ms (cache miss)
458 http fetch GET 200 https://registry.npmjs.org/@oxc-project/types/-/types-0.133.0.tgz 658ms (cache miss)
459 http fetch GET 200 https://registry.npmjs.org/tslib/-/tslib-2.8.1.tgz 659ms (cache miss)
460 http fetch GET 200 https://registry.npmjs.org/detect-libc/-/detect-libc-2.1.2.tgz 808ms (cache miss)
461 http fetch GET 200 https://registry.npmjs.org/@vitejs/plugin-react/-/plugin-react-6.0.2.tgz 1114ms (cache miss)
462 http fetch GET 200 https://registry.npmjs.org/@rolldown/pluginutils/-/pluginutils-1.0.1.tgz 1115ms (cache miss)
463 http fetch GET 200 https://registry.npmjs.org/@tybys/wasm-util/-/wasm-util-0.10.2.tgz 1752ms (cache miss)
464 http fetch GET 200 https://registry.npmjs.org/rolldown/-/rolldown-1.0.3.tgz 1835ms (cache miss)
465 http fetch GET 200 https://registry.npmjs.org/@emnapi/core/-/core-1.10.0.tgz 1952ms (cache miss)
466 http fetch GET 200 https://registry.npmjs.org/lightningcss/-/lightningcss-1.32.0.tgz 2142ms (cache miss)
467 http fetch GET 200 https://registry.npmjs.org/vite/-/vite-8.0.16.tgz 2544ms (cache miss)
468 http fetch GET 200 https://registry.npmjs.org/@napi-rs/wasm-runtime/-/wasm-runtime-1.1.5.tgz 4789ms (cache miss)
469 http fetch GET 200 https://registry.npmjs.org/lightningcss-win32-x64-msvc/-/lightningcss-win32-x64-msvc-1.32.0.tgz 5000ms (cache miss)
470 http fetch GET 200 https://registry.npmjs.org/@rolldown/binding-win32-x64-msvc/-/binding-win32-x64-msvc-1.0.3.tgz 8163ms (cache miss)
471 silly ADD
472 silly ADD
473 silly ADD
474 silly ADD
475 silly ADD
476 silly ADD
477 silly ADD node_modules/@rolldown/binding-win32-x64-msvc
478 silly ADD
479 silly ADD
480 silly ADD
481 silly ADD
482 silly ADD
483 silly ADD
484 silly ADD
485 silly ADD
486 silly ADD
487 silly ADD
488 silly ADD
489 silly ADD
490 silly ADD
491 silly ADD
492 silly ADD node_modules/@oxc-project/types
493 silly ADD node_modules/lightningcss-win32-x64-msvc
494 silly ADD
495 silly ADD
496 silly ADD
497 silly ADD
498 silly ADD
499 silly ADD
500 silly ADD
501 silly ADD
502 silly ADD
503 silly ADD
504 silly ADD node_modules/detect-libc
505 silly ADD node_modules/rolldown
506 silly ADD node_modules/lightningcss
507 silly ADD
508 silly REMOVE node_modules/@jridgewell/remapping
509 silly REMOVE node_modules/@types/babel__traverse
510 silly REMOVE node_modules/@types/estree
511 silly CHANGE node_modules/@vitejs/plugin-react
512 silly REMOVE node_modules/@rollup/rollup-win32-x64-msvc
513 silly REMOVE node_modules/@types/babel__template
514 silly CHANGE node_modules/@rolldown/pluginutils
515 silly REMOVE node_modules/@types/babel__core
516 silly REMOVE node_modules/@rollup/rollup-win32-x64-gnu
517 silly REMOVE node_modules/@types/babel__generator
518 silly REMOVE node_modules/@babel/plugin-transform-react-jsx-source
519 silly REMOVE node_modules/@esbuild/win32-x64
520 silly REMOVE node_modules/@babel/parser
521 silly REMOVE node_modules/@babel/template
522 silly REMOVE node_modules/@babel/helper-module-transforms
523 silly REMOVE node_modules/@babel/types
524 silly REMOVE node_modules/@babel/code-frame
525 silly REMOVE node_modules/@babel/traverse
526 silly REMOVE node_modules/@babel/helpers
527 silly REMOVE node_modules/@babel/plugin-transform-react-jsx-self
528 silly REMOVE node_modules/@babel/helper-validator-option
529 silly REMOVE node_modules/@babel/helper-plugin-utils
530 silly REMOVE node_modules/@babel/helper-string-parser
531 silly REMOVE node_modules/@babel/helper-compilation-targets
532 silly REMOVE node_modules/@babel/helper-validator-identifier
533 silly REMOVE node_modules/@babel/helper-module-imports
534 silly REMOVE node_modules/@babel/generator
535 silly REMOVE node_modules/@babel/helper-globals
536 silly REMOVE node_modules/@babel/core
537 silly REMOVE node_modules/@babel/compat-data
538 silly CHANGE node_modules/vite
539 silly ADD node_modules/vite/node_modules/picomatch
540 silly REMOVE node_modules/yallist
541 silly REMOVE node_modules/semver
542 silly REMOVE node_modules/rollup
543 silly REMOVE node_modules/react-refresh
544 silly REMOVE node_modules/lru-cache
545 silly REMOVE node_modules/ms
546 silly REMOVE node_modules/json5
547 silly REMOVE node_modules/jsesc
548 silly REMOVE node_modules/gensync
549 silly REMOVE node_modules/debug
550 silly REMOVE node_modules/esbuild
551 silly REMOVE node_modules/convert-source-map
552 verbose cwd D:\Footwear
553 verbose os Windows_NT 10.0.26200
554 verbose node v22.20.0
555 verbose npm  v10.9.3
556 verbose exit 0
557 info ok
